<?xml version="1.0" encoding="utf-8" standalone="no"?>
<!--This file represents the results of running a test suite-->
<test-results name="/home/greg/Projects/grensesnitt/InterfaceInvariants.Sample/bin/Debug/InterfaceInvariants.Sample.dll" total="12" errors="0" failures="0" not-run="0" inconclusive="0" ignored="0" skipped="0" invalid="0" date="2010-09-21" time="12:42:00">
  <environment nunit-version="2.5.7.10213" clr-version="2.0.50727.1433" os-version="Unix 2.6.32.24" platform="Unix" cwd="/home/greg/Projects/grensesnitt/lib/NUnit-2.5.7.10213/bin/net-2.0" machine-name="goblin" user="greg" user-domain="goblin" />
  <culture-info current-culture="en-US" current-uiculture="en-US" />
  <test-suite type="Assembly" name="/home/greg/Projects/grensesnitt/InterfaceInvariants.Sample/bin/Debug/InterfaceInvariants.Sample.dll" executed="True" result="Success" success="True" time="0.575" asserts="0">
    <results>
      <test-suite type="Namespace" name="InterfaceInvariants" executed="True" result="Success" success="True" time="0.559" asserts="0">
        <results>
          <test-suite type="Namespace" name="Sample" executed="True" result="Success" success="True" time="0.558" asserts="0">
            <results>
              <test-suite type="Namespace" name="SimpleKeyValue" executed="True" result="Success" success="True" time="0.557" asserts="0">
                <results>
                  <test-suite type="TestSuite" name="SimpleKeyValueTests" executed="True" result="Success" success="True" time="0.556" asserts="0">
                    <results>
                      <test-suite type="TestSuite" name="DictionarySimpleKeyValue" executed="True" result="Success" success="True" time="0.295" asserts="0">
                        <results>
                          <test-case name="InterfaceInvariants.Sample.SimpleKeyValue.DictionarySimpleKeyValue(InterfaceInvariants.Sample.SimpleKeyValue.SimpleKeyValueTests)" executed="True" result="Success" success="True" time="0.036" asserts="0" />
                          <test-case name="InterfaceInvariants.Sample.SimpleKeyValue.DictionarySimpleKeyValue(InterfaceInvariants.Sample.SimpleKeyValue.SimpleKeyValueTests)" executed="True" result="Success" success="True" time="0.005" asserts="0" />
                          <test-case name="InterfaceInvariants.Sample.SimpleKeyValue.DictionarySimpleKeyValue(InterfaceInvariants.Sample.SimpleKeyValue.SimpleKeyValueTests)" executed="True" result="Success" success="True" time="0.028" asserts="0" />
                          <test-case name="InterfaceInvariants.Sample.SimpleKeyValue.DictionarySimpleKeyValue(InterfaceInvariants.Sample.SimpleKeyValue.SimpleKeyValueTests)" executed="True" result="Success" success="True" time="0.001" asserts="0" />
                          <test-case name="InterfaceInvariants.Sample.SimpleKeyValue.DictionarySimpleKeyValue(InterfaceInvariants.Sample.SimpleKeyValue.SimpleKeyValueTests)" executed="True" result="Success" success="True" time="0.004" asserts="0" />
                          <test-case name="InterfaceInvariants.Sample.SimpleKeyValue.DictionarySimpleKeyValue(InterfaceInvariants.Sample.SimpleKeyValue.SimpleKeyValueTests)" executed="True" result="Success" success="True" time="0.002" asserts="0" />
                        </results>
                      </test-suite>
                      <test-suite type="TestSuite" name="ListSimpleKeyValue" executed="True" result="Success" success="True" time="0.168" asserts="0">
                        <results>
                          <test-case name="InterfaceInvariants.Sample.SimpleKeyValue.ListSimpleKeyValue(InterfaceInvariants.Sample.SimpleKeyValue.SimpleKeyValueTests)" executed="True" result="Success" success="True" time="0.016" asserts="0" />
                          <test-case name="InterfaceInvariants.Sample.SimpleKeyValue.ListSimpleKeyValue(InterfaceInvariants.Sample.SimpleKeyValue.SimpleKeyValueTests)" executed="True" result="Success" success="True" time="0.014" asserts="0" />
                          <test-case name="InterfaceInvariants.Sample.SimpleKeyValue.ListSimpleKeyValue(InterfaceInvariants.Sample.SimpleKeyValue.SimpleKeyValueTests)" executed="True" result="Success" success="True" time="0.007" asserts="0" />
                          <test-case name="InterfaceInvariants.Sample.SimpleKeyValue.ListSimpleKeyValue(InterfaceInvariants.Sample.SimpleKeyValue.SimpleKeyValueTests)" executed="True" result="Success" success="True" time="0.000" asserts="0" />
                          <test-case name="InterfaceInvariants.Sample.SimpleKeyValue.ListSimpleKeyValue(InterfaceInvariants.Sample.SimpleKeyValue.SimpleKeyValueTests)" executed="True" result="Success" success="True" time="0.001" asserts="0" />
                          <test-case name="InterfaceInvariants.Sample.SimpleKeyValue.ListSimpleKeyValue(InterfaceInvariants.Sample.SimpleKeyValue.SimpleKeyValueTests)" executed="True" result="Success" success="True" time="0.000" asserts="0" />
                        </results>
                      </test-suite>
                    </results>
                  </test-suite>
                </results>
              </test-suite>
            </results>
          </test-suite>
        </results>
      </test-suite>
    </results>
  </test-suite>
</test-results>