<?xml version="1.0" encoding="utf-8" standalone="no"?>
<!--This file represents the results of running a test suite-->
<test-results name="/home/greg/Projects/grensesnitt/grensesnitt.Sample/bin/Debug/grensesnitt.Sample.dll" total="30" errors="0" failures="4" not-run="0" inconclusive="0" ignored="0" skipped="0" invalid="0" date="2010-09-21" time="14:17:16">
  <environment nunit-version="2.5.7.10213" clr-version="2.0.50727.1433" os-version="Unix 2.6.32.24" platform="Unix" cwd="/home/greg/Projects/grensesnitt/lib/NUnit-2.5.7.10213/bin/net-2.0" machine-name="goblin" user="greg" user-domain="goblin" />
  <culture-info current-culture="en-US" current-uiculture="en-US" />
  <test-suite type="Assembly" name="/home/greg/Projects/grensesnitt/grensesnitt.Sample/bin/Debug/grensesnitt.Sample.dll" executed="True" result="Failure" success="False" time="0.457" asserts="0">
    <results>
      <test-suite type="Namespace" name="grensesnitt" executed="True" result="Failure" success="False" time="0.442" asserts="0">
        <results>
          <test-suite type="Namespace" name="Sample" executed="True" result="Failure" success="False" time="0.441" asserts="0">
            <results>
              <test-suite type="Namespace" name="SimpleKeyValue" executed="True" result="Success" success="True" time="0.172" asserts="0">
                <results>
                  <test-suite type="TestSuite" name="SimpleKeyValueTests" executed="True" result="Success" success="True" time="0.171" asserts="0">
                    <results>
                      <test-suite type="TestSuite" name="DictionarySimpleKeyValue" executed="True" result="Success" success="True" time="0.118" asserts="0">
                        <results>
                          <test-case name="grensesnitt.Sample.SimpleKeyValue.DictionarySimpleKeyValue(grensesnitt.Sample.SimpleKeyValue.SimpleKeyValueTests)" executed="True" result="Success" success="True" time="0.026" asserts="0" />
                          <test-case name="grensesnitt.Sample.SimpleKeyValue.DictionarySimpleKeyValue(grensesnitt.Sample.SimpleKeyValue.SimpleKeyValueTests)" executed="True" result="Success" success="True" time="0.003" asserts="0" />
                          <test-case name="grensesnitt.Sample.SimpleKeyValue.DictionarySimpleKeyValue(grensesnitt.Sample.SimpleKeyValue.SimpleKeyValueTests)" executed="True" result="Success" success="True" time="0.026" asserts="0" />
                          <test-case name="grensesnitt.Sample.SimpleKeyValue.DictionarySimpleKeyValue(grensesnitt.Sample.SimpleKeyValue.SimpleKeyValueTests)" executed="True" result="Success" success="True" time="0.001" asserts="0" />
                          <test-case name="grensesnitt.Sample.SimpleKeyValue.DictionarySimpleKeyValue(grensesnitt.Sample.SimpleKeyValue.SimpleKeyValueTests)" executed="True" result="Success" success="True" time="0.004" asserts="0" />
                          <test-case name="grensesnitt.Sample.SimpleKeyValue.DictionarySimpleKeyValue(grensesnitt.Sample.SimpleKeyValue.SimpleKeyValueTests)" executed="True" result="Success" success="True" time="0.002" asserts="0" />
                        </results>
                      </test-suite>
                      <test-suite type="TestSuite" name="ListSimpleKeyValue" executed="True" result="Success" success="True" time="0.039" asserts="0">
                        <results>
                          <test-case name="grensesnitt.Sample.SimpleKeyValue.ListSimpleKeyValue(grensesnitt.Sample.SimpleKeyValue.SimpleKeyValueTests)" executed="True" result="Success" success="True" time="0.012" asserts="0" />
                          <test-case name="grensesnitt.Sample.SimpleKeyValue.ListSimpleKeyValue(grensesnitt.Sample.SimpleKeyValue.SimpleKeyValueTests)" executed="True" result="Success" success="True" time="0.006" asserts="0" />
                          <test-case name="grensesnitt.Sample.SimpleKeyValue.ListSimpleKeyValue(grensesnitt.Sample.SimpleKeyValue.SimpleKeyValueTests)" executed="True" result="Success" success="True" time="0.003" asserts="0" />
                          <test-case name="grensesnitt.Sample.SimpleKeyValue.ListSimpleKeyValue(grensesnitt.Sample.SimpleKeyValue.SimpleKeyValueTests)" executed="True" result="Success" success="True" time="0.000" asserts="0" />
                          <test-case name="grensesnitt.Sample.SimpleKeyValue.ListSimpleKeyValue(grensesnitt.Sample.SimpleKeyValue.SimpleKeyValueTests)" executed="True" result="Success" success="True" time="0.002" asserts="0" />
                          <test-case name="grensesnitt.Sample.SimpleKeyValue.ListSimpleKeyValue(grensesnitt.Sample.SimpleKeyValue.SimpleKeyValueTests)" executed="True" result="Success" success="True" time="0.000" asserts="0" />
                        </results>
                      </test-suite>
                    </results>
                  </test-suite>
                </results>
              </test-suite>
              <test-suite type="TestSuite" name="WithOtherPlugins" executed="True" result="Failure" success="False" time="0.268" asserts="0">
                <results>
                  <test-suite type="TestSuite" name="Adder1" executed="True" result="Success" success="True" time="0.083" asserts="0">
                    <results>
                      <test-suite type="ParameterizedTest" name="CanAddOrSomething" executed="True" result="Success" success="True" time="0.009" asserts="0">
                        <results>
                          <test-case name="grensesnitt.Sample.WithOtherPlugins.CanAddOrSomething(0,0,0)" executed="True" result="Success" success="True" time="0.007" asserts="0" />
                          <test-case name="grensesnitt.Sample.WithOtherPlugins.CanAddOrSomething(-1,2,1)" executed="True" result="Success" success="True" time="0.000" asserts="0" />
                          <test-case name="grensesnitt.Sample.WithOtherPlugins.CanAddOrSomething(1,2,3)" executed="True" result="Success" success="True" time="0.000" asserts="0" />
                        </results>
                      </test-suite>
                      <test-suite type="ParameterizedTest" name="CannAddOrSomethingWithReturn" executed="True" result="Success" success="True" time="0.021" asserts="0">
                        <results>
                          <test-case name="grensesnitt.Sample.WithOtherPlugins.CannAddOrSomethingWithReturn(0,0)" executed="True" result="Success" success="True" time="0.001" asserts="0" />
                          <test-case name="grensesnitt.Sample.WithOtherPlugins.CannAddOrSomethingWithReturn(-1,2)" executed="True" result="Success" success="True" time="0.000" asserts="0" />
                          <test-case name="grensesnitt.Sample.WithOtherPlugins.CannAddOrSomethingWithReturn(1,2)" executed="True" result="Success" success="True" time="0.001" asserts="0" />
                        </results>
                      </test-suite>
                    </results>
                  </test-suite>
                  <test-suite type="TestSuite" name="Adder2" executed="True" result="Success" success="True" time="0.011" asserts="0">
                    <results>
                      <test-suite type="ParameterizedTest" name="CanAddOrSomething" executed="True" result="Success" success="True" time="0.009" asserts="0">
                        <results>
                          <test-case name="grensesnitt.Sample.WithOtherPlugins.CanAddOrSomething(0,0,0)" executed="True" result="Success" success="True" time="0.001" asserts="0" />
                          <test-case name="grensesnitt.Sample.WithOtherPlugins.CanAddOrSomething(-1,2,1)" executed="True" result="Success" success="True" time="0.000" asserts="0" />
                          <test-case name="grensesnitt.Sample.WithOtherPlugins.CanAddOrSomething(1,2,3)" executed="True" result="Success" success="True" time="0.000" asserts="0" />
                        </results>
                      </test-suite>
                      <test-suite type="ParameterizedTest" name="CannAddOrSomethingWithReturn" executed="True" result="Success" success="True" time="0.002" asserts="0">
                        <results>
                          <test-case name="grensesnitt.Sample.WithOtherPlugins.CannAddOrSomethingWithReturn(0,0)" executed="True" result="Success" success="True" time="0.000" asserts="0" />
                          <test-case name="grensesnitt.Sample.WithOtherPlugins.CannAddOrSomethingWithReturn(-1,2)" executed="True" result="Success" success="True" time="0.000" asserts="0" />
                          <test-case name="grensesnitt.Sample.WithOtherPlugins.CannAddOrSomethingWithReturn(1,2)" executed="True" result="Success" success="True" time="0.000" asserts="0" />
                        </results>
                      </test-suite>
                    </results>
                  </test-suite>
                  <test-suite type="TestSuite" name="Adder2Broken" executed="True" result="Failure" success="False" time="0.142" asserts="0">
                    <results>
                      <test-suite type="ParameterizedTest" name="CanAddOrSomething" executed="True" result="Failure" success="False" time="0.116" asserts="0">
                        <results>
                          <test-case name="grensesnitt.Sample.WithOtherPlugins.CanAddOrSomething(0,0,0)" executed="True" result="Success" success="True" time="0.001" asserts="0" />
                          <test-case name="grensesnitt.Sample.WithOtherPlugins.CanAddOrSomething(-1,2,1)" executed="True" result="Failure" success="False" time="0.053" asserts="0">
                            <failure>
                              <message><![CDATA[  Expected: 0
  But was:  1
]]></message>
                              <stack-trace><![CDATA[at grensesnitt.Sample.WithOtherPlugins.CanAddOrSomething (Int32 x, Int32 y, Int32 r) [0x00000] in <filename unknown>:0
]]></stack-trace>
                            </failure>
                          </test-case>
                          <test-case name="grensesnitt.Sample.WithOtherPlugins.CanAddOrSomething(1,2,3)" executed="True" result="Failure" success="False" time="0.001" asserts="0">
                            <failure>
                              <message><![CDATA[  Expected: 0
  But was:  3
]]></message>
                              <stack-trace><![CDATA[at grensesnitt.Sample.WithOtherPlugins.CanAddOrSomething (Int32 x, Int32 y, Int32 r) [0x00000] in <filename unknown>:0
]]></stack-trace>
                            </failure>
                          </test-case>
                        </results>
                      </test-suite>
                      <test-suite type="ParameterizedTest" name="CannAddOrSomethingWithReturn" executed="True" result="Failure" success="False" time="0.009" asserts="0">
                        <results>
                          <test-case name="grensesnitt.Sample.WithOtherPlugins.CannAddOrSomethingWithReturn(0,0)" executed="True" result="Success" success="True" time="0.000" asserts="0" />
                          <test-case name="grensesnitt.Sample.WithOtherPlugins.CannAddOrSomethingWithReturn(-1,2)" executed="True" result="Failure" success="False" time="0.001" asserts="0">
                            <failure>
                              <message><![CDATA[  Expected: 1
  But was:  0
]]></message>
                              <stack-trace><![CDATA[]]></stack-trace>
                            </failure>
                          </test-case>
                          <test-case name="grensesnitt.Sample.WithOtherPlugins.CannAddOrSomethingWithReturn(1,2)" executed="True" result="Failure" success="False" time="0.001" asserts="0">
                            <failure>
                              <message><![CDATA[  Expected: 3
  But was:  0
]]></message>
                              <stack-trace><![CDATA[]]></stack-trace>
                            </failure>
                          </test-case>
                        </results>
                      </test-suite>
                    </results>
                  </test-suite>
                </results>
              </test-suite>
            </results>
          </test-suite>
        </results>
      </test-suite>
    </results>
  </test-suite>
</test-results>